/var/spool/slurmd/job1349132/slurm_script: line 15: activate: No such file or directory
/home/mmeurisse/Valentin/utils.py:40: UserWarning: To copy construct from a tensor, it is recommended to use sourceTensor.clone().detach() or sourceTensor.clone().detach().requires_grad_(True), rather than torch.tensor(sourceTensor).
  self.mean = torch.tensor(mean).view(-1,1,1)
/home/mmeurisse/Valentin/utils.py:41: UserWarning: To copy construct from a tensor, it is recommended to use sourceTensor.clone().detach() or sourceTensor.clone().detach().requires_grad_(True), rather than torch.tensor(sourceTensor).
  self.std = torch.tensor(std).view(-1,1,1)
run [50]
Style loss : 109.93601989746094; Content Loss : 257.2333984375

run [100]
Style loss : 115.2874755859375; Content Loss : 193.7598876953125

run [150]
Style loss : 113.09468841552734; Content Loss : 187.1629638671875

run [200]
Style loss : 115.171630859375; Content Loss : 203.6068878173828

run [250]
Style loss : 2262028.25; Content Loss : 44937.5546875

run [300]
Style loss : 196.85926818847656; Content Loss : 375.8381652832031

run [350]
Style loss : 132.55111694335938; Content Loss : 271.5089416503906

run [400]
Style loss : 247.01361083984375; Content Loss : 785.372802734375

run [450]
Style loss : 2242013.75; Content Loss : 45256.51171875

run [500]
Style loss : 1691438.25; Content Loss : 42608.15625

